Release 14.7 - xst P.20131013 (nt64)
Copyright (c) 1995-2013 Xilinx, Inc.  All rights reserved.
--> Parameter TMPDIR set to xst/projnav.tmp


Total REAL time to Xst completion: 0.00 secs
Total CPU time to Xst completion: 0.16 secs
 
--> Parameter xsthdpdir set to xst


Total REAL time to Xst completion: 0.00 secs
Total CPU time to Xst completion: 0.16 secs
 
--> Reading design: vga_display.prj

TABLE OF CONTENTS
  1) Synthesis Options Summary
  2) HDL Parsing
  3) HDL Elaboration
  4) HDL Synthesis
       4.1) HDL Synthesis Report
  5) Advanced HDL Synthesis
       5.1) Advanced HDL Synthesis Report
  6) Low Level Synthesis
  7) Partition Report
  8) Design Summary
       8.1) Primitive and Black Box Usage
       8.2) Device utilization summary
       8.3) Partition Resource Summary
       8.4) Timing Report
            8.4.1) Clock Information
            8.4.2) Asynchronous Control Signals Information
            8.4.3) Timing Summary
            8.4.4) Timing Details
            8.4.5) Cross Clock Domains Report


=========================================================================
*                      Synthesis Options Summary                        *
=========================================================================
---- Source Parameters
Input File Name                    : "vga_display.prj"
Ignore Synthesis Constraint File   : NO

---- Target Parameters
Output File Name                   : "vga_display"
Output Format                      : NGC
Target Device                      : xc6slx16-3-csg324

---- Source Options
Top Module Name                    : vga_display
Automatic FSM Extraction           : YES
FSM Encoding Algorithm             : Auto
Safe Implementation                : No
FSM Style                          : LUT
RAM Extraction                     : Yes
RAM Style                          : Auto
ROM Extraction                     : Yes
Shift Register Extraction          : YES
ROM Style                          : Auto
Resource Sharing                   : YES
Asynchronous To Synchronous        : NO
Shift Register Minimum Size        : 2
Use DSP Block                      : Auto
Automatic Register Balancing       : No

---- Target Options
LUT Combining                      : Auto
Reduce Control Sets                : Auto
Add IO Buffers                     : YES
Global Maximum Fanout              : 100000
Add Generic Clock Buffer(BUFG)     : 16
Register Duplication               : YES
Optimize Instantiated Primitives   : NO
Use Clock Enable                   : Auto
Use Synchronous Set                : Auto
Use Synchronous Reset              : Auto
Pack IO Registers into IOBs        : Auto
Equivalent register Removal        : YES

---- General Options
Optimization Goal                  : Speed
Optimization Effort                : 1
Power Reduction                    : NO
Keep Hierarchy                     : No
Netlist Hierarchy                  : As_Optimized
RTL Output                         : Yes
Global Optimization                : AllClockNets
Read Cores                         : YES
Write Timing Constraints           : NO
Cross Clock Analysis               : NO
Hierarchy Separator                : /
Bus Delimiter                      : <>
Case Specifier                     : Maintain
Slice Utilization Ratio            : 100
BRAM Utilization Ratio             : 100
DSP48 Utilization Ratio            : 100
Auto BRAM Packing                  : NO
Slice Utilization Ratio Delta      : 5

---- Other Options
Cores Search Directories           : {"ipcore_dir"  }

=========================================================================


=========================================================================
*                          HDL Parsing                                  *
=========================================================================
Analyzing Verilog file "C:\Users\vkoro\Final_Project\project\vga\vga_controller_640_60.v" into library work
Parsing module <vga_controller_640_60>.
Analyzing Verilog file "C:\Users\vkoro\Final_Project\project\vga\vga_bsprite.v" into library work
Parsing module <vga_bsprite>.
Analyzing Verilog file "C:\Users\vkoro\Final_Project\project\vga\ipcore_dir\ben_mem.v" into library work
Parsing module <ben_mem>.
Analyzing Verilog file "C:\Users\vkoro\Final_Project\project\vga\vga_display.v" into library work
Parsing module <vga_display>.

=========================================================================
*                            HDL Elaboration                            *
=========================================================================

Elaborating module <vga_display>.

Elaborating module <vga_controller_640_60>.

Elaborating module <vga_bsprite>.

Elaborating module <ben_mem>.
WARNING:HDLCompiler:1499 - "C:\Users\vkoro\Final_Project\project\vga\ipcore_dir\ben_mem.v" Line 39: Empty module <ben_mem> remains a black box.

=========================================================================
*                           HDL Synthesis                               *
=========================================================================

Synthesizing Unit <vga_display>.
    Related source file is "C:\Users\vkoro\Final_Project\project\vga\vga_display.v".
        N = 2
        VGA_WIDTH = 11'b01010000000
        VGA_HEIGHT = 11'b00111100000
        IMG_WIDTH = 8'b10101100
        IMG_HEIGHT = 8'b10110101
        SCALE = 4'b0001
        START_X = 11'b00011101010
        START_Y = 11'b00010010101
WARNING:Xst:647 - Input <btnU> is never used. This port will be preserved and left unconnected if it belongs to a top-level block or it belongs to a sub-block and the hierarchy of this sub-block is preserved.
WARNING:Xst:647 - Input <btnD> is never used. This port will be preserved and left unconnected if it belongs to a top-level block or it belongs to a sub-block and the hierarchy of this sub-block is preserved.
    Found 1-bit register for signal <clk_25Mhz>.
    Found 2-bit register for signal <count>.
    Found 2-bit adder for signal <count[1]_GND_1_o_add_4_OUT> created at line 61.
    Summary:
	inferred   1 Adder/Subtractor(s).
	inferred   3 D-type flip-flop(s).
Unit <vga_display> synthesized.

Synthesizing Unit <vga_controller_640_60>.
    Related source file is "C:\Users\vkoro\Final_Project\project\vga\vga_controller_640_60.v".
        HMAX = 800
        HLINES = 640
        HFP = 648
        HSP = 744
        VMAX = 525
        VLINES = 480
        VFP = 482
        VSP = 484
        SPP = 0
    Found 11-bit register for signal <hcounter>.
    Found 11-bit register for signal <vcounter>.
    Found 1-bit register for signal <HS>.
    Found 1-bit register for signal <VS>.
    Found 1-bit register for signal <blank>.
    Found 11-bit adder for signal <hcounter[10]_GND_2_o_add_3_OUT> created at line 65.
    Found 11-bit adder for signal <vcounter[10]_GND_2_o_add_9_OUT> created at line 73.
    Found 11-bit comparator lessequal for signal <n0012> created at line 80
    Found 11-bit comparator greater for signal <hcounter[10]_GND_2_o_LessThan_16_o> created at line 80
    Found 11-bit comparator lessequal for signal <n0018> created at line 87
    Found 11-bit comparator greater for signal <vcounter[10]_GND_2_o_LessThan_19_o> created at line 87
    Found 11-bit comparator greater for signal <hcounter[10]_GND_2_o_LessThan_20_o> created at line 92
    Found 11-bit comparator greater for signal <vcounter[10]_GND_2_o_LessThan_21_o> created at line 92
    Summary:
	inferred   2 Adder/Subtractor(s).
	inferred  25 D-type flip-flop(s).
	inferred   6 Comparator(s).
	inferred   2 Multiplexer(s).
Unit <vga_controller_640_60> synthesized.

Synthesizing Unit <vga_bsprite>.
    Related source file is "C:\Users\vkoro\Final_Project\project\vga\vga_bsprite.v".
WARNING:Xst:647 - Input <scaler<0:0>> is never used. This port will be preserved and left unconnected if it belongs to a top-level block or it belongs to a sub-block and the hierarchy of this sub-block is preserved.
WARNING:Xst:647 - Input <blank> is never used. This port will be preserved and left unconnected if it belongs to a top-level block or it belongs to a sub-block and the hierarchy of this sub-block is preserved.
    Found 11-bit subtractor for signal <div_hc[10]_x0[10]_sub_7_OUT> created at line 45.
    Found 11-bit subtractor for signal <div_vc[10]_y0[10]_sub_11_OUT> created at line 50.
    Found 15-bit adder for signal <rom_addr> created at line 55.
    Found 11-bit shifter logical right for signal <div_hc> created at line 34
    Found 11-bit shifter logical right for signal <div_vc> created at line 34
    Found 12-bit shifter logical left for signal <mult_x1> created at line 35
    Found 12-bit shifter logical left for signal <mult_y1> created at line 35
    Found 11x8-bit multiplier for signal <n0047> created at line 55.
    Found 11-bit comparator lessequal for signal <n0004> created at line 44
    Found 12-bit comparator lessequal for signal <n0006> created at line 44
    Found 11-bit comparator lessequal for signal <n0011> created at line 49
    Found 12-bit comparator lessequal for signal <n0013> created at line 49
    Summary:
	inferred   1 Multiplier(s).
	inferred   3 Adder/Subtractor(s).
	inferred   4 Comparator(s).
	inferred   5 Multiplexer(s).
	inferred   4 Combinational logic shifter(s).
Unit <vga_bsprite> synthesized.

=========================================================================
HDL Synthesis Report

Macro Statistics
# Multipliers                                          : 1
 11x8-bit multiplier                                   : 1
# Adders/Subtractors                                   : 6
 11-bit adder                                          : 2
 11-bit subtractor                                     : 2
 15-bit adder                                          : 1
 2-bit adder                                           : 1
# Registers                                            : 7
 1-bit register                                        : 4
 11-bit register                                       : 2
 2-bit register                                        : 1
# Comparators                                          : 10
 11-bit comparator greater                             : 4
 11-bit comparator lessequal                           : 4
 12-bit comparator lessequal                           : 2
# Multiplexers                                         : 7
 11-bit 2-to-1 multiplexer                             : 4
 2-bit 2-to-1 multiplexer                              : 1
 3-bit 2-to-1 multiplexer                              : 2
# Logic shifters                                       : 4
 11-bit shifter logical right                          : 2
 12-bit shifter logical left                           : 2

=========================================================================

=========================================================================
*                       Advanced HDL Synthesis                          *
=========================================================================

Reading core <ipcore_dir/ben_mem.ngc>.
Loading core <ben_mem> for timing and area information for instance <memory_1>.

Synthesizing (advanced) Unit <vga_bsprite>.
	Multiplier <Mmult_n0047> in block <vga_bsprite> and adder/subtractor <Madd_rom_addr> in block <vga_bsprite> are combined into a MAC<Maddsub_n0047>.
Unit <vga_bsprite> synthesized (advanced).

Synthesizing (advanced) Unit <vga_controller_640_60>.
The following registers are absorbed into counter <hcounter>: 1 register on signal <hcounter>.
The following registers are absorbed into counter <vcounter>: 1 register on signal <vcounter>.
Unit <vga_controller_640_60> synthesized (advanced).

Synthesizing (advanced) Unit <vga_display>.
The following registers are absorbed into counter <count>: 1 register on signal <count>.
Unit <vga_display> synthesized (advanced).

=========================================================================
Advanced HDL Synthesis Report

Macro Statistics
# MACs                                                 : 1
 11x8-to-15-bit MAC                                    : 1
# Adders/Subtractors                                   : 2
 11-bit subtractor                                     : 2
# Counters                                             : 3
 11-bit up counter                                     : 2
 2-bit up counter                                      : 1
# Registers                                            : 4
 Flip-Flops                                            : 4
# Comparators                                          : 10
 11-bit comparator greater                             : 4
 11-bit comparator lessequal                           : 4
 12-bit comparator lessequal                           : 2
# Multiplexers                                         : 5
 11-bit 2-to-1 multiplexer                             : 2
 2-bit 2-to-1 multiplexer                              : 1
 3-bit 2-to-1 multiplexer                              : 2
# Logic shifters                                       : 4
 11-bit shifter logical right                          : 2
 12-bit shifter logical left                           : 2

=========================================================================

=========================================================================
*                         Low Level Synthesis                           *
=========================================================================

Optimizing unit <vga_display> ...

Optimizing unit <vga_controller_640_60> ...

Optimizing unit <vga_bsprite> ...
WARNING:Xst:2677 - Node <vc/blank> of sequential type is unconnected in block <vga_display>.
WARNING:Xst:1293 - FF/Latch <vc/vcounter_10> has a constant value of 0 in block <vga_display>. This FF/Latch will be trimmed during the optimization process.

Mapping all equations...
Building and optimizing final netlist ...
Found area constraint ratio of 100 (+ 5) on block vga_display, actual ratio is 1.

Final Macro Processing ...

=========================================================================
Final Register Report

Macro Statistics
# Registers                                            : 26
 Flip-Flops                                            : 26

=========================================================================

=========================================================================
*                           Partition Report                            *
=========================================================================

Partition Implementation Status
-------------------------------

  No Partitions were found in this design.

-------------------------------

=========================================================================
*                            Design Summary                             *
=========================================================================

Top Level Output File Name         : vga_display.ngc

Primitive and Black Box Usage:
------------------------------
# BELS                             : 131
#      GND                         : 2
#      INV                         : 2
#      LUT2                        : 12
#      LUT3                        : 33
#      LUT4                        : 9
#      LUT5                        : 7
#      LUT6                        : 23
#      MUXCY                       : 19
#      MUXF7                       : 1
#      VCC                         : 2
#      XORCY                       : 21
# FlipFlops/Latches                : 35
#      FD                          : 3
#      FDC                         : 11
#      FDCE                        : 10
#      FDE                         : 1
#      FDR                         : 2
#      FDRE                        : 8
# RAMS                             : 16
#      RAMB16BWER                  : 16
# Shift Registers                  : 1
#      SRLC16E                     : 1
# Clock Buffers                    : 2
#      BUFG                        : 1
#      BUFGP                       : 1
# IO Buffers                       : 28
#      IBUF                        : 1
#      OBUF                        : 27
# DSPs                             : 1
#      DSP48A1                     : 1

Device utilization summary:
---------------------------

Selected Device : 6slx16csg324-3 


Slice Logic Utilization: 
 Number of Slice Registers:              35  out of  18224     0%  
 Number of Slice LUTs:                   87  out of   9112     0%  
    Number used as Logic:                86  out of   9112     0%  
    Number used as Memory:                1  out of   2176     0%  
       Number used as SRL:                1

Slice Logic Distribution: 
 Number of LUT Flip Flop pairs used:    111
   Number with an unused Flip Flop:      76  out of    111    68%  
   Number with an unused LUT:            24  out of    111    21%  
   Number of fully used LUT-FF pairs:    11  out of    111     9%  
   Number of unique control sets:         7

IO Utilization: 
 Number of IOs:                          31
 Number of bonded IOBs:                  29  out of    232    12%  

Specific Feature Utilization:
 Number of Block RAM/FIFO:               16  out of     32    50%  
    Number using Block RAM only:         16
 Number of BUFG/BUFGCTRLs:                2  out of     16    12%  
 Number of DSP48A1s:                      1  out of     32     3%  

---------------------------
Partition Resource Summary:
---------------------------

  No Partitions were found in this design.

---------------------------


=========================================================================
Timing Report

NOTE: THESE TIMING NUMBERS ARE ONLY A SYNTHESIS ESTIMATE.
      FOR ACCURATE TIMING INFORMATION PLEASE REFER TO THE TRACE REPORT
      GENERATED AFTER PLACE-and-ROUTE.

Clock Information:
------------------
-----------------------------------+------------------------------------------------------------------------------------------------------------------------------------+-------+
Clock Signal                       | Clock buffer(FF name)                                                                                                              | Load  |
-----------------------------------+------------------------------------------------------------------------------------------------------------------------------------+-------+
ClkPort                            | BUFGP                                                                                                                              | 3     |
clk_25Mhz                          | BUFG                                                                                                                               | 49    |
memory_1/N1                        | NONE(memory_1/U0/xst_blk_mem_generator/gnativebmg.native_blk_mem_gen/valid.cstr/ramloop[15].ram.r/s6_init.ram/SP.SIMPLE_PRIM18.ram)| 16    |
-----------------------------------+------------------------------------------------------------------------------------------------------------------------------------+-------+
INFO:Xst:2169 - HDL ADVISOR - Some clock signals were not automatically buffered by XST with BUFG/BUFR resources. Please use the buffer_type constraint in order to insert these buffers to the clock signals to help prevent skew problems.

Asynchronous Control Signals Information:
----------------------------------------
No asynchronous control signals found in this design

Timing Summary:
---------------
Speed Grade: -3

   Minimum period: 10.853ns (Maximum Frequency: 92.143MHz)
   Minimum input arrival time before clock: 2.765ns
   Maximum output required time after clock: 11.310ns
   Maximum combinational path delay: No path found

Timing Details:
---------------
All values displayed in nanoseconds (ns)

=========================================================================
Timing constraint: Default period analysis for Clock 'ClkPort'
  Clock period: 1.950ns (frequency: 512.794MHz)
  Total number of paths / destination ports: 4 / 3
-------------------------------------------------------------------------
Delay:               1.950ns (Levels of Logic = 1)
  Source:            count_0 (FF)
  Destination:       count_0 (FF)
  Source Clock:      ClkPort rising
  Destination Clock: ClkPort rising

  Data Path: count_0 to count_0
                                Gate     Net
    Cell:in->out      fanout   Delay   Delay  Logical Name (Net Name)
    ----------------------------------------  ------------
     FD:C->Q               2   0.447   0.616  count_0 (count_0)
     INV:I->O              1   0.206   0.579  Mcount_count_xor<0>11_INV_0 (Result<0>)
     FD:D                      0.102          count_0
    ----------------------------------------
    Total                      1.950ns (0.755ns logic, 1.195ns route)
                                       (38.7% logic, 61.3% route)

=========================================================================
Timing constraint: Default period analysis for Clock 'clk_25Mhz'
  Clock period: 10.853ns (frequency: 92.143MHz)
  Total number of paths / destination ports: 101062 / 283
-------------------------------------------------------------------------
Delay:               10.853ns (Levels of Logic = 6)
  Source:            vc/vcounter_2 (FF)
  Destination:       memory_1/U0/xst_blk_mem_generator/gnativebmg.native_blk_mem_gen/valid.cstr/ramloop[0].ram.r/s6_init.ram/SP.SIMPLE_PRIM18.ram (RAM)
  Source Clock:      clk_25Mhz rising
  Destination Clock: clk_25Mhz rising

  Data Path: vc/vcounter_2 to memory_1/U0/xst_blk_mem_generator/gnativebmg.native_blk_mem_gen/valid.cstr/ramloop[0].ram.r/s6_init.ram/SP.SIMPLE_PRIM18.ram
                                Gate     Net
    Cell:in->out      fanout   Delay   Delay  Logical Name (Net Name)
    ----------------------------------------  ------------
     FDCE:C->Q            10   0.447   1.201  vc/vcounter_2 (vc/vcounter_2)
     LUT6:I1->O            6   0.203   0.849  sprites_mem/y0[10]_GND_3_o_AND_5_o3_SW1 (N21)
     LUT6:I4->O            3   0.203   0.651  sprites_mem/y0[10]_GND_3_o_AND_5_o3 (sprites_mem/y0[10]_GND_3_o_AND_5_o)
     LUT6:I5->O            2   0.205   0.616  sprites_mem/Mmux_y91 (sprites_mem/y<7>)
     DSP48A1:B7->P14      10   4.394   0.856  sprites_mem/Maddsub_n0047 (addra<14>)
     begin scope: 'memory_1:addra<14>'
     INV:I->O              8   0.206   0.802  U0/xst_blk_mem_generator/gnativebmg.native_blk_mem_gen/valid.cstr/out1_INV_0 (U0/xst_blk_mem_generator/gnativebmg.native_blk_mem_gen/valid.cstr/ramloop[0].ram.ram_ena)
     RAMB16BWER:ENA            0.220          U0/xst_blk_mem_generator/gnativebmg.native_blk_mem_gen/valid.cstr/ramloop[0].ram.r/s6_init.ram/SP.SIMPLE_PRIM18.ram
    ----------------------------------------
    Total                     10.853ns (5.878ns logic, 4.975ns route)
                                       (54.2% logic, 45.8% route)

=========================================================================
Timing constraint: Default OFFSET IN BEFORE for Clock 'clk_25Mhz'
  Total number of paths / destination ports: 21 / 21
-------------------------------------------------------------------------
Offset:              2.765ns (Levels of Logic = 1)
  Source:            rst (PAD)
  Destination:       vc/vcounter_9 (FF)
  Destination Clock: clk_25Mhz rising

  Data Path: rst to vc/vcounter_9
                                Gate     Net
    Cell:in->out      fanout   Delay   Delay  Logical Name (Net Name)
    ----------------------------------------  ------------
     IBUF:I->O            21   1.222   1.113  rst_IBUF (rst_IBUF)
     FDC:CLR                   0.430          vc/hcounter_0
    ----------------------------------------
    Total                      2.765ns (1.652ns logic, 1.113ns route)
                                       (59.8% logic, 40.2% route)

=========================================================================
Timing constraint: Default OFFSET OUT AFTER for Clock 'clk_25Mhz'
  Total number of paths / destination ports: 3306 / 10
-------------------------------------------------------------------------
Offset:              11.310ns (Levels of Logic = 9)
  Source:            vc/hcounter_2 (FF)
  Destination:       R<2> (PAD)
  Source Clock:      clk_25Mhz rising

  Data Path: vc/hcounter_2 to R<2>
                                Gate     Net
    Cell:in->out      fanout   Delay   Delay  Logical Name (Net Name)
    ----------------------------------------  ------------
     FDC:C->Q              9   0.447   1.058  vc/hcounter_2 (vc/hcounter_2)
     LUT4:I1->O            4   0.205   0.931  sprites_mem/x0[10]_GND_3_o_AND_4_o11 (sprites_mem/x0[10]_GND_3_o_AND_4_o1)
     LUT6:I2->O            1   0.203   0.000  sprites_mem/x0[10]_GND_3_o_AND_4_o4_F (N33)
     MUXF7:I0->O          10   0.131   0.857  sprites_mem/x0[10]_GND_3_o_AND_4_o4 (sprites_mem/x0[10]_GND_3_o_AND_4_o)
     LUT2:I1->O            2   0.205   0.981  sprites_mem/Mmux_x31 (sprites_mem/x<1>)
     LUT6:I0->O            1   0.203   0.944  sprites_mem/GND_3_o_GND_3_o_OR_32_o1 (sprites_mem/GND_3_o_GND_3_o_OR_32_o1)
     LUT6:I0->O            1   0.203   0.580  sprites_mem/GND_3_o_GND_3_o_OR_32_o2 (sprites_mem/GND_3_o_GND_3_o_OR_32_o2)
     LUT6:I5->O            8   0.205   0.803  sprites_mem/GND_3_o_GND_3_o_OR_32_o4 (sprites_mem/GND_3_o_GND_3_o_OR_32_o)
     LUT2:I1->O            1   0.205   0.579  sprites_mem/Mmux_G11 (G_0_OBUF)
     OBUF:I->O                 2.571          G_0_OBUF (G<0>)
    ----------------------------------------
    Total                     11.310ns (4.578ns logic, 6.732ns route)
                                       (40.5% logic, 59.5% route)

=========================================================================

Cross Clock Domains Report:
--------------------------

Clock to Setup on destination clock ClkPort
---------------+---------+---------+---------+---------+
               | Src:Rise| Src:Fall| Src:Rise| Src:Fall|
Source Clock   |Dest:Rise|Dest:Rise|Dest:Fall|Dest:Fall|
---------------+---------+---------+---------+---------+
ClkPort        |    1.950|         |         |         |
---------------+---------+---------+---------+---------+

Clock to Setup on destination clock clk_25Mhz
---------------+---------+---------+---------+---------+
               | Src:Rise| Src:Fall| Src:Rise| Src:Fall|
Source Clock   |Dest:Rise|Dest:Rise|Dest:Fall|Dest:Fall|
---------------+---------+---------+---------+---------+
clk_25Mhz      |   10.853|         |         |         |
---------------+---------+---------+---------+---------+

=========================================================================


Total REAL time to Xst completion: 9.00 secs
Total CPU time to Xst completion: 9.18 secs
 
--> 

Total memory usage is 301316 kilobytes

Number of errors   :    0 (   0 filtered)
Number of warnings :    7 (   0 filtered)
Number of infos    :    1 (   0 filtered)

